# JRE version: OpenJDK Runtime Environment (8.0_242-b01) (build 1.8.0_242-release-1644-b01)
# Java VM: OpenJDK 64-Bit Server VM (25.242-b01 mixed mode windows-amd64 compressed oops)
Heap:
 PSYoungGen      total 626688K, used 94557K [0x00000000d5580000, 0x00000000ffd80000, 0x0000000100000000)
  eden space 560128K, 10% used [0x00000000d5580000,0x00000000d90da940,0x00000000f7880000)
  from space 66560K, 50% used [0x00000000fbc80000,0x00000000fdd7cb78,0x00000000ffd80000)
  to   space 68096K, 0% used [0x00000000f7880000,0x00000000f7880000,0x00000000fbb00000)
 ParOldGen       total 436736K, used 261957K [0x0000000080000000, 0x000000009aa80000, 0x00000000d5580000)
  object space 436736K, 59% used [0x0000000080000000,0x000000008ffd1748,0x000000009aa80000)
 Metaspace       used 208419K, capacity 222334K, committed 222424K, reserved 1243136K
  class space    used 26541K, capacity 29168K, committed 29184K, reserved 1048576K
GC Heap History (10 events):
Event: 1907.321 GC heap before
{Heap before GC invocations=47 (full 5):
 PSYoungGen      total 622592K, used 556769K [0x00000000d5580000, 0x0000000100000000, 0x0000000100000000)
  eden space 546816K, 100% used [0x00000000d5580000,0x00000000f6b80000,0x00000000f6b80000)
  from space 75776K, 13% used [0x00000000f6b80000,0x00000000f7538578,0x00000000fb580000)
  to   space 75264K, 0% used [0x00000000fb680000,0x00000000fb680000,0x0000000100000000)
 ParOldGen       total 436736K, used 205509K [0x0000000080000000, 0x000000009aa80000, 0x00000000d5580000)
  object space 436736K, 47% used [0x0000000080000000,0x000000008c8b1498,0x000000009aa80000)
 Metaspace       used 206411K, capacity 220150K, committed 220248K, reserved 1241088K
  class space    used 26450K, capacity 29054K, committed 29056K, reserved 1048576K
Event: 1907.354 GC heap after
Heap after GC invocations=47 (full 5):
 PSYoungGen      total 617472K, used 20736K [0x00000000d5580000, 0x00000000ffa80000, 0x0000000100000000)
  eden space 547840K, 0% used [0x00000000d5580000,0x00000000d5580000,0x00000000f6c80000)
  from space 69632K, 29% used [0x00000000fb680000,0x00000000fcac0238,0x00000000ffa80000)
  to   space 72704K, 0% used [0x00000000f6c80000,0x00000000f6c80000,0x00000000fb380000)
 ParOldGen       total 436736K, used 211404K [0x0000000080000000, 0x000000009aa80000, 0x00000000d5580000)
  object space 436736K, 48% used [0x0000000080000000,0x000000008ce730e0,0x000000009aa80000)
 Metaspace       used 206411K, capacity 220150K, committed 220248K, reserved 1241088K
  class space    used 26450K, capacity 29054K, committed 29056K, reserved 1048576K
}
Event: 1912.577 GC heap before
{Heap before GC invocations=48 (full 5):
 PSYoungGen      total 617472K, used 568576K [0x00000000d5580000, 0x00000000ffa80000, 0x0000000100000000)
  eden space 547840K, 100% used [0x00000000d5580000,0x00000000f6c80000,0x00000000f6c80000)
  from space 69632K, 29% used [0x00000000fb680000,0x00000000fcac0238,0x00000000ffa80000)
  to   space 72704K, 0% used [0x00000000f6c80000,0x00000000f6c80000,0x00000000fb380000)
 ParOldGen       total 436736K, used 211404K [0x0000000080000000, 0x000000009aa80000, 0x00000000d5580000)
  object space 436736K, 48% used [0x0000000080000000,0x000000008ce730e0,0x000000009aa80000)
 Metaspace       used 208052K, capacity 221942K, committed 222168K, reserved 1243136K
  class space    used 26525K, capacity 29160K, committed 29184K, reserved 1048576K
Event: 1912.644 GC heap after
Heap after GC invocations=48 (full 5):
 PSYoungGen      total 620544K, used 34612K [0x00000000d5580000, 0x00000000ffe00000, 0x0000000100000000)
  eden space 547840K, 0% used [0x00000000d5580000,0x00000000d5580000,0x00000000f6c80000)
  from space 72704K, 47% used [0x00000000f6c80000,0x00000000f8e4d258,0x00000000fb380000)
  to   space 70144K, 0% used [0x00000000fb980000,0x00000000fb980000,0x00000000ffe00000)
 ParOldGen       total 436736K, used 223518K [0x0000000080000000, 0x000000009aa80000, 0x00000000d5580000)
  object space 436736K, 51% used [0x0000000080000000,0x000000008da47a60,0x000000009aa80000)
 Metaspace       used 208052K, capacity 221942K, committed 222168K, reserved 1243136K
  class space    used 26525K, capacity 29160K, committed 29184K, reserved 1048576K
}
Event: 1915.820 GC heap before
{Heap before GC invocations=49 (full 5):
 PSYoungGen      total 620544K, used 582452K [0x00000000d5580000, 0x00000000ffe00000, 0x0000000100000000)
  eden space 547840K, 100% used [0x00000000d5580000,0x00000000f6c80000,0x00000000f6c80000)
  from space 72704K, 47% used [0x00000000f6c80000,0x00000000f8e4d258,0x00000000fb380000)
  to   space 70144K, 0% used [0x00000000fb980000,0x00000000fb980000,0x00000000ffe00000)
 ParOldGen       total 436736K, used 223518K [0x0000000080000000, 0x000000009aa80000, 0x00000000d5580000)
  object space 436736K, 51% used [0x0000000080000000,0x000000008da47a60,0x000000009aa80000)
 Metaspace       used 208240K, capacity 222182K, committed 222424K, reserved 1243136K
  class space    used 26539K, capacity 29168K, committed 29184K, reserved 1048576K
Event: 1915.905 GC heap after
Heap after GC invocations=49 (full 5):
 PSYoungGen      total 624640K, used 9232K [0x00000000d5580000, 0x00000000ffc80000, 0x0000000100000000)
  eden space 556032K, 0% used [0x00000000d5580000,0x00000000d5580000,0x00000000f7480000)
  from space 68608K, 13% used [0x00000000fb980000,0x00000000fc284118,0x00000000ffc80000)
  to   space 69632K, 0% used [0x00000000f7480000,0x00000000f7480000,0x00000000fb880000)
 ParOldGen       total 436736K, used 253489K [0x0000000080000000, 0x000000009aa80000, 0x00000000d5580000)
  object space 436736K, 58% used [0x0000000080000000,0x000000008f78c580,0x000000009aa80000)
 Metaspace       used 208240K, capacity 222182K, committed 222424K, reserved 1243136K
  class space    used 26539K, capacity 29168K, committed 29184K, reserved 1048576K
}
Event: 1919.175 GC heap before
{Heap before GC invocations=50 (full 5):
 PSYoungGen      total 624640K, used 565264K [0x00000000d5580000, 0x00000000ffc80000, 0x0000000100000000)
  eden space 556032K, 100% used [0x00000000d5580000,0x00000000f7480000,0x00000000f7480000)
  from space 68608K, 13% used [0x00000000fb980000,0x00000000fc284118,0x00000000ffc80000)
  to   space 69632K, 0% used [0x00000000f7480000,0x00000000f7480000,0x00000000fb880000)
 ParOldGen       total 436736K, used 253489K [0x0000000080000000, 0x000000009aa80000, 0x00000000d5580000)
  object space 436736K, 58% used [0x0000000080000000,0x000000008f78c580,0x000000009aa80000)
 Metaspace       used 208332K, capacity 222270K, committed 222424K, reserved 1243136K
  class space    used 26541K, capacity 29168K, committed 29184K, reserved 1048576K
Event: 1919.218 GC heap after
Heap after GC invocations=50 (full 5):
 PSYoungGen      total 625664K, used 5046K [0x00000000d5580000, 0x0000000100000000, 0x0000000100000000)
  eden space 556032K, 0% used [0x00000000d5580000,0x00000000d5580000,0x00000000f7480000)
  from space 69632K, 7% used [0x00000000f7480000,0x00000000f796db80,0x00000000fb880000)
  to   space 69120K, 0% used [0x00000000fbc80000,0x00000000fbc80000,0x0000000100000000)
 ParOldGen       total 436736K, used 258170K [0x0000000080000000, 0x000000009aa80000, 0x00000000d5580000)
  object space 436736K, 59% used [0x0000000080000000,0x000000008fc1ebb8,0x000000009aa80000)
 Metaspace       used 208332K, capacity 222270K, committed 222424K, reserved 1243136K
  class space    used 26541K, capacity 29168K, committed 29184K, reserved 1048576K
}
Event: 1922.218 GC heap before
{Heap before GC invocations=51 (full 5):
 PSYoungGen      total 625664K, used 561078K [0x00000000d5580000, 0x0000000100000000, 0x0000000100000000)
  eden space 556032K, 100% used [0x00000000d5580000,0x00000000f7480000,0x00000000f7480000)
  from space 69632K, 7% used [0x00000000f7480000,0x00000000f796db80,0x00000000fb880000)
  to   space 69120K, 0% used [0x00000000fbc80000,0x00000000fbc80000,0x0000000100000000)
 ParOldGen       total 436736K, used 258170K [0x0000000080000000, 0x000000009aa80000, 0x00000000d5580000)
  object space 436736K, 59% used [0x0000000080000000,0x000000008fc1ebb8,0x000000009aa80000)
 Metaspace       used 208418K, capacity 222334K, committed 222424K, reserved 1243136K
  class space    used 26541K, capacity 29168K, committed 29184K, reserved 1048576K
Event: 1922.300 GC heap after
Heap after GC invocations=51 (full 5):
 PSYoungGen      total 626688K, used 33778K [0x00000000d5580000, 0x00000000ffd80000, 0x0000000100000000)
  eden space 560128K, 0% used [0x00000000d5580000,0x00000000d5580000,0x00000000f7880000)
  from space 66560K, 50% used [0x00000000fbc80000,0x00000000fdd7cb78,0x00000000ffd80000)
  to   space 68096K, 0% used [0x00000000f7880000,0x00000000f7880000,0x00000000fbb00000)
 ParOldGen       total 436736K, used 261957K [0x0000000080000000, 0x000000009aa80000, 0x00000000d5580000)
  object space 436736K, 59% used [0x0000000080000000,0x000000008ffd1748,0x000000009aa80000)
 Metaspace       used 208418K, capacity 222334K, committed 222424K, reserved 1243136K
  class space    used 26541K, capacity 29168K, committed 29184K, reserved 1048576K
}

